2023-03-10 06:15:37,465 Starting new HTTPS connection (1): gateway.chotot.com:443
2023-03-10 06:15:38,080 https://gateway.chotot.com:443 "GET /v1/public/ad-listing?limit=100&o=100&cg=1010&st=s,k HTTP/1.1" 200 None
2023-03-10 06:15:38,562 Starting new HTTPS connection (1): gateway.chotot.com:443
2023-03-10 06:15:39,066 https://gateway.chotot.com:443 "GET /v1/public/ad-listing?limit=100&o=100&cg=1010&st=s,k HTTP/1.1" 200 None
2023-03-10 06:15:39,559 Starting new HTTPS connection (1): gateway.chotot.com:443
2023-03-10 06:15:40,065 https://gateway.chotot.com:443 "GET /v1/public/ad-listing?limit=100&o=100&cg=1010&st=s,k HTTP/1.1" 200 None
2023-03-10 06:15:40,554 Starting new HTTPS connection (1): gateway.chotot.com:443
2023-03-10 06:15:41,505 https://gateway.chotot.com:443 "GET /v1/public/ad-listing?limit=100&o=100&cg=1010&st=s,k HTTP/1.1" 200 None
2023-03-10 06:15:41,991 Starting new HTTPS connection (1): gateway.chotot.com:443
2023-03-10 06:15:42,975 https://gateway.chotot.com:443 "GET /v1/public/ad-listing?limit=100&o=100&cg=1010&st=s,k HTTP/1.1" 200 None
2023-03-10 06:15:43,474 Starting new HTTPS connection (1): gateway.chotot.com:443
2023-03-10 06:15:43,988 https://gateway.chotot.com:443 "GET /v1/public/ad-listing?limit=100&o=100&cg=1010&st=s,k HTTP/1.1" 200 None
2023-03-10 06:15:44,489 Starting new HTTPS connection (1): gateway.chotot.com:443
2023-03-10 06:15:44,992 https://gateway.chotot.com:443 "GET /v1/public/ad-listing?limit=100&o=100&cg=1010&st=s,k HTTP/1.1" 200 None
2023-03-10 06:15:45,484 Starting new HTTPS connection (1): gateway.chotot.com:443
2023-03-10 06:15:46,008 https://gateway.chotot.com:443 "GET /v1/public/ad-listing?limit=100&o=100&cg=1010&st=s,k HTTP/1.1" 200 None
2023-03-10 06:15:46,489 Starting new HTTPS connection (1): gateway.chotot.com:443
2023-03-10 06:15:47,004 https://gateway.chotot.com:443 "GET /v1/public/ad-listing?limit=100&o=100&cg=1010&st=s,k HTTP/1.1" 200 None
2023-03-10 06:15:47,502 Starting new HTTPS connection (1): gateway.chotot.com:443
2023-03-10 06:15:48,011 https://gateway.chotot.com:443 "GET /v1/public/ad-listing?limit=100&o=100&cg=1010&st=s,k HTTP/1.1" 200 None
2023-03-10 06:15:48,510 Starting new HTTPS connection (1): gateway.chotot.com:443
2023-03-10 06:15:49,181 https://gateway.chotot.com:443 "GET /v1/public/ad-listing?limit=100&o=100&cg=1020&st=s,k HTTP/1.1" 200 None
2023-03-10 06:15:49,679 Starting new HTTPS connection (1): gateway.chotot.com:443
2023-03-10 06:15:50,197 https://gateway.chotot.com:443 "GET /v1/public/ad-listing?limit=100&o=100&cg=1020&st=s,k HTTP/1.1" 200 None
2023-03-10 06:15:50,699 Starting new HTTPS connection (1): gateway.chotot.com:443
2023-03-10 06:15:51,224 https://gateway.chotot.com:443 "GET /v1/public/ad-listing?limit=100&o=100&cg=1020&st=s,k HTTP/1.1" 200 None
2023-03-10 06:15:51,720 Starting new HTTPS connection (1): gateway.chotot.com:443
2023-03-10 06:15:52,239 https://gateway.chotot.com:443 "GET /v1/public/ad-listing?limit=100&o=100&cg=1020&st=s,k HTTP/1.1" 200 None
2023-03-10 06:15:53,596 Starting new HTTPS connection (1): gateway.chotot.com:443
2023-03-10 06:15:54,109 https://gateway.chotot.com:443 "GET /v1/public/ad-listing?limit=100&o=100&cg=1020&st=s,k HTTP/1.1" 200 None
2023-03-10 06:15:54,608 Starting new HTTPS connection (1): gateway.chotot.com:443
2023-03-10 06:15:55,129 https://gateway.chotot.com:443 "GET /v1/public/ad-listing?limit=100&o=100&cg=1020&st=s,k HTTP/1.1" 200 None
2023-03-10 06:15:55,630 Starting new HTTPS connection (1): gateway.chotot.com:443
2023-03-10 06:15:56,134 https://gateway.chotot.com:443 "GET /v1/public/ad-listing?limit=100&o=100&cg=1020&st=s,k HTTP/1.1" 200 None
2023-03-10 06:15:56,623 Starting new HTTPS connection (1): gateway.chotot.com:443
2023-03-10 06:15:57,145 https://gateway.chotot.com:443 "GET /v1/public/ad-listing?limit=100&o=100&cg=1020&st=s,k HTTP/1.1" 200 None
2023-03-10 06:15:57,656 Starting new HTTPS connection (1): gateway.chotot.com:443
2023-03-10 06:15:58,166 https://gateway.chotot.com:443 "GET /v1/public/ad-listing?limit=100&o=100&cg=1020&st=s,k HTTP/1.1" 200 None
2023-03-10 06:15:58,667 Starting new HTTPS connection (1): gateway.chotot.com:443
2023-03-10 06:15:59,163 https://gateway.chotot.com:443 "GET /v1/public/ad-listing?limit=100&o=100&cg=1020&st=s,k HTTP/1.1" 200 None
2023-03-10 06:15:59,653 Starting new HTTPS connection (1): gateway.chotot.com:443
2023-03-10 06:16:00,648 https://gateway.chotot.com:443 "GET /v1/public/ad-listing?limit=100&o=100&cg=1030&st=s,k HTTP/1.1" 200 None
2023-03-10 06:16:01,295 Starting new HTTPS connection (1): gateway.chotot.com:443
2023-03-10 06:16:02,264 https://gateway.chotot.com:443 "GET /v1/public/ad-listing?limit=100&o=100&cg=1030&st=s,k HTTP/1.1" 200 None
2023-03-10 06:16:02,757 Starting new HTTPS connection (1): gateway.chotot.com:443
2023-03-10 06:16:03,762 https://gateway.chotot.com:443 "GET /v1/public/ad-listing?limit=100&o=100&cg=1030&st=s,k HTTP/1.1" 200 None
2023-03-10 06:16:04,268 Starting new HTTPS connection (1): gateway.chotot.com:443
2023-03-10 06:16:04,762 https://gateway.chotot.com:443 "GET /v1/public/ad-listing?limit=100&o=100&cg=1030&st=s,k HTTP/1.1" 200 None
2023-03-10 06:16:05,248 Starting new HTTPS connection (1): gateway.chotot.com:443
2023-03-10 06:16:06,361 https://gateway.chotot.com:443 "GET /v1/public/ad-listing?limit=100&o=100&cg=1030&st=s,k HTTP/1.1" 200 None
2023-03-10 06:16:06,793 Starting new HTTPS connection (1): gateway.chotot.com:443
2023-03-10 06:16:07,619 https://gateway.chotot.com:443 "GET /v1/public/ad-listing?limit=100&o=100&cg=1030&st=s,k HTTP/1.1" 200 None
2023-03-10 06:16:08,116 Starting new HTTPS connection (1): gateway.chotot.com:443
2023-03-10 06:16:08,621 https://gateway.chotot.com:443 "GET /v1/public/ad-listing?limit=100&o=100&cg=1030&st=s,k HTTP/1.1" 200 None
2023-03-10 06:16:09,111 Starting new HTTPS connection (1): gateway.chotot.com:443
2023-03-10 06:16:09,634 https://gateway.chotot.com:443 "GET /v1/public/ad-listing?limit=100&o=100&cg=1030&st=s,k HTTP/1.1" 200 None
2023-03-10 06:16:10,140 Starting new HTTPS connection (1): gateway.chotot.com:443
2023-03-10 06:16:10,655 https://gateway.chotot.com:443 "GET /v1/public/ad-listing?limit=100&o=100&cg=1030&st=s,k HTTP/1.1" 200 None
2023-03-10 06:16:11,162 Starting new HTTPS connection (1): gateway.chotot.com:443
2023-03-10 06:16:11,672 https://gateway.chotot.com:443 "GET /v1/public/ad-listing?limit=100&o=100&cg=1030&st=s,k HTTP/1.1" 200 None
2023-03-10 06:16:12,173 Starting new HTTPS connection (1): gateway.chotot.com:443
2023-03-10 06:16:12,782 https://gateway.chotot.com:443 "GET /v1/public/ad-listing?limit=100&o=100&cg=1040&st=s,k HTTP/1.1" 200 None
2023-03-10 06:16:13,274 Starting new HTTPS connection (1): gateway.chotot.com:443
2023-03-10 06:16:13,773 https://gateway.chotot.com:443 "GET /v1/public/ad-listing?limit=100&o=100&cg=1040&st=s,k HTTP/1.1" 200 None
2023-03-10 06:16:14,257 Starting new HTTPS connection (1): gateway.chotot.com:443
2023-03-10 06:16:14,770 https://gateway.chotot.com:443 "GET /v1/public/ad-listing?limit=100&o=100&cg=1040&st=s,k HTTP/1.1" 200 None
2023-03-10 06:16:15,277 Starting new HTTPS connection (1): gateway.chotot.com:443
2023-03-10 06:16:15,785 https://gateway.chotot.com:443 "GET /v1/public/ad-listing?limit=100&o=100&cg=1040&st=s,k HTTP/1.1" 200 None
2023-03-10 06:16:16,272 Starting new HTTPS connection (1): gateway.chotot.com:443
2023-03-10 06:16:16,780 https://gateway.chotot.com:443 "GET /v1/public/ad-listing?limit=100&o=100&cg=1040&st=s,k HTTP/1.1" 200 None
2023-03-10 06:16:17,270 Starting new HTTPS connection (1): gateway.chotot.com:443
2023-03-10 06:16:17,790 https://gateway.chotot.com:443 "GET /v1/public/ad-listing?limit=100&o=100&cg=1040&st=s,k HTTP/1.1" 200 None
2023-03-10 06:16:18,299 Starting new HTTPS connection (1): gateway.chotot.com:443
2023-03-10 06:16:18,803 https://gateway.chotot.com:443 "GET /v1/public/ad-listing?limit=100&o=100&cg=1040&st=s,k HTTP/1.1" 200 None
2023-03-10 06:16:19,294 Starting new HTTPS connection (1): gateway.chotot.com:443
2023-03-10 06:16:19,806 https://gateway.chotot.com:443 "GET /v1/public/ad-listing?limit=100&o=100&cg=1040&st=s,k HTTP/1.1" 200 None
2023-03-10 06:16:20,308 Starting new HTTPS connection (1): gateway.chotot.com:443
2023-03-10 06:16:20,820 https://gateway.chotot.com:443 "GET /v1/public/ad-listing?limit=100&o=100&cg=1040&st=s,k HTTP/1.1" 200 None
2023-03-10 06:16:21,322 Starting new HTTPS connection (1): gateway.chotot.com:443
2023-03-10 06:16:22,322 https://gateway.chotot.com:443 "GET /v1/public/ad-listing?limit=100&o=100&cg=1040&st=s,k HTTP/1.1" 200 None
2023-03-10 06:16:22,829 Crawl sucessful -------------------------
2023-03-10 06:16:22,840 generate sucess -------------------------
2023-03-10 06:16:22,884 Process complete -------------------------
2023-03-10 06:16:24,197 Successully insert property_info_2
2023-03-10 06:16:24,919 Successully insert categories_2
2023-03-10 06:16:25,671 Successully insert cities_2
2023-03-10 06:16:26,525 Successully insert district_2
2023-03-10 06:16:27,504 Successully insert ward_2
2023-03-10 06:16:28,473 Successully insert user_profile_2
2023-03-10 06:16:29,279 Successully insert shop_profile_2
2023-03-10 06:16:30,292 Successully insert dates_2
